DEBUG:requests.packages.urllib3.util.retry:Converted retries value: 1 -> Retry(total=1, connect=None, read=None, redirect=None)
DEBUG:requests.packages.urllib3.util.retry:Converted retries value: 1 -> Retry(total=1, connect=None, read=None, redirect=None)
INFO:requests.packages.urllib3.connectionpool:Starting new HTTP connection (1): pubsub.pubnub.com
INFO:requests.packages.urllib3.connectionpool:Starting new HTTP connection (2): pubsub.pubnub.com
INFO:requests.packages.urllib3.connectionpool:Starting new HTTP connection (3): pubsub.pubnub.com
DEBUG:requests.packages.urllib3.connectionpool:"GET /subscribe/sub-c-8ad89b4e-a95e-11e5-a65d-02ee2ddab7fe/parkingdevice-resp/0/0?pnsdk=PubNub-Python%2F3.7.5&uuid=7a9bdb67-6212-4520-a340-4538cd2577e1 HTTP/1.1" 200 24
DEBUG:requests.packages.urllib3.connectionpool:"GET /subscribe/sub-c-8ad89b4e-a95e-11e5-a65d-02ee2ddab7fe/parkingapp-req%2Cparkingdevice-resp/0/0?pnsdk=PubNub-Python%2F3.7.5&uuid=7a9bdb67-6212-4520-a340-4538cd2577e1 HTTP/1.1" 200 24
DEBUG:requests.packages.urllib3.connectionpool:"GET /subscribe/sub-c-8ad89b4e-a95e-11e5-a65d-02ee2ddab7fe/parkingapp-req%2Cparkingdevice-resp%2Cparkingrfid-resp/0/0?pnsdk=PubNub-Python%2F3.7.5&uuid=7a9bdb67-6212-4520-a340-4538cd2577e1 HTTP/1.1" 200 24
DEBUG:requests.packages.urllib3.util.retry:Converted retries value: 1 -> Retry(total=1, connect=None, read=None, redirect=None)
DEBUG:requests.packages.urllib3.util.retry:Converted retries value: 1 -> Retry(total=1, connect=None, read=None, redirect=None)
INFO:requests.packages.urllib3.connectionpool:Starting new HTTP connection (1): pubsub.pubnub.com
INFO:requests.packages.urllib3.connectionpool:Starting new HTTP connection (2): pubsub.pubnub.com
INFO:requests.packages.urllib3.connectionpool:Starting new HTTP connection (3): pubsub.pubnub.com
DEBUG:requests.packages.urllib3.util.retry:Converted retries value: 1 -> Retry(total=1, connect=None, read=None, redirect=None)
DEBUG:requests.packages.urllib3.util.retry:Converted retries value: 1 -> Retry(total=1, connect=None, read=None, redirect=None)
INFO:requests.packages.urllib3.connectionpool:Starting new HTTP connection (1): pubsub.pubnub.com
INFO:requests.packages.urllib3.connectionpool:Starting new HTTP connection (2): pubsub.pubnub.com
INFO:requests.packages.urllib3.connectionpool:Starting new HTTP connection (3): pubsub.pubnub.com
DEBUG:requests.packages.urllib3.util.retry:Converted retries value: 1 -> Retry(total=1, connect=None, read=None, redirect=None)
DEBUG:requests.packages.urllib3.util.retry:Converted retries value: 1 -> Retry(total=1, connect=None, read=None, redirect=None)
INFO:requests.packages.urllib3.connectionpool:Starting new HTTP connection (1): pubsub.pubnub.com
INFO:requests.packages.urllib3.connectionpool:Starting new HTTP connection (2): pubsub.pubnub.com
INFO:requests.packages.urllib3.connectionpool:Starting new HTTP connection (3): pubsub.pubnub.com
DEBUG:requests.packages.urllib3.connectionpool:"GET /subscribe/sub-c-8ad89b4e-a95e-11e5-a65d-02ee2ddab7fe/parkingdevice-resp/0/0?pnsdk=PubNub-Python%2F3.7.5&uuid=323e24cc-8fba-4c4c-993f-f6aeaad03c89 HTTP/1.1" 200 24
DEBUG:requests.packages.urllib3.connectionpool:"GET /subscribe/sub-c-8ad89b4e-a95e-11e5-a65d-02ee2ddab7fe/parkingapp-req%2Cparkingdevice-resp/0/0?pnsdk=PubNub-Python%2F3.7.5&uuid=323e24cc-8fba-4c4c-993f-f6aeaad03c89 HTTP/1.1" 200 24
DEBUG:requests.packages.urllib3.connectionpool:"GET /subscribe/sub-c-8ad89b4e-a95e-11e5-a65d-02ee2ddab7fe/parkingapp-req%2Cparkingdevice-resp%2Cparkingrfid-resp/0/0?pnsdk=PubNub-Python%2F3.7.5&uuid=323e24cc-8fba-4c4c-993f-f6aeaad03c89 HTTP/1.1" 200 27
DEBUG:requests.packages.urllib3.util.retry:Converted retries value: 1 -> Retry(total=1, connect=None, read=None, redirect=None)
DEBUG:requests.packages.urllib3.util.retry:Converted retries value: 1 -> Retry(total=1, connect=None, read=None, redirect=None)
INFO:requests.packages.urllib3.connectionpool:Starting new HTTP connection (1): pubsub.pubnub.com
INFO:requests.packages.urllib3.connectionpool:Starting new HTTP connection (2): pubsub.pubnub.com
INFO:requests.packages.urllib3.connectionpool:Starting new HTTP connection (3): pubsub.pubnub.com
DEBUG:requests.packages.urllib3.connectionpool:"GET /subscribe/sub-c-d4dd77a4-1e13-11e5-9dcf-0619f8945a4f/parkingdevice-resp/0/0?pnsdk=PubNub-Python%2F3.7.5&uuid=22351273-3aef-48c4-bad5-f63b914cc257 HTTP/1.1" 200 24
DEBUG:requests.packages.urllib3.connectionpool:"GET /subscribe/sub-c-d4dd77a4-1e13-11e5-9dcf-0619f8945a4f/parkingapp-req%2Cparkingdevice-resp/0/0?pnsdk=PubNub-Python%2F3.7.5&uuid=22351273-3aef-48c4-bad5-f63b914cc257 HTTP/1.1" 200 24
DEBUG:requests.packages.urllib3.connectionpool:"GET /subscribe/sub-c-d4dd77a4-1e13-11e5-9dcf-0619f8945a4f/parkingapp-req%2Cparkingdevice-resp%2Cparkingrfid-resp/0/0?pnsdk=PubNub-Python%2F3.7.5&uuid=22351273-3aef-48c4-bad5-f63b914cc257 HTTP/1.1" 200 24
DEBUG:requests.packages.urllib3.connectionpool:"GET /subscribe/sub-c-d4dd77a4-1e13-11e5-9dcf-0619f8945a4f/parkingapp-req%2Cparkingdevice-resp%2Cparkingrfid-resp/0/14579366657182581?pnsdk=PubNub-Python%2F3.7.5&uuid=22351273-3aef-48c4-bad5-f63b914cc257 HTTP/1.1" 200 107
DEBUG:requests.packages.urllib3.connectionpool:"GET /publish/pub-c-a1f796fb-1508-4c7e-9a28-9645035eee90/sub-c-d4dd77a4-1e13-11e5-9dcf-0619f8945a4f/0/parkingapp-resp/0/%7B%7D?pnsdk=PubNub-Python%2F3.7.5 HTTP/1.1" 200 30
DEBUG:requests.packages.urllib3.connectionpool:"GET /subscribe/sub-c-d4dd77a4-1e13-11e5-9dcf-0619f8945a4f/parkingapp-req%2Cparkingdevice-resp%2Cparkingrfid-resp/0/14579366732018284?pnsdk=PubNub-Python%2F3.7.5&uuid=22351273-3aef-48c4-bad5-f63b914cc257 HTTP/1.1" 200 107
DEBUG:requests.packages.urllib3.connectionpool:"GET /publish/pub-c-a1f796fb-1508-4c7e-9a28-9645035eee90/sub-c-d4dd77a4-1e13-11e5-9dcf-0619f8945a4f/0/parkingapp-resp/0/%7B%7D?pnsdk=PubNub-Python%2F3.7.5 HTTP/1.1" 200 30
DEBUG:requests.packages.urllib3.connectionpool:"GET /subscribe/sub-c-d4dd77a4-1e13-11e5-9dcf-0619f8945a4f/parkingapp-req%2Cparkingdevice-resp%2Cparkingrfid-resp/0/14579366735708420?pnsdk=PubNub-Python%2F3.7.5&uuid=22351273-3aef-48c4-bad5-f63b914cc257 HTTP/1.1" 200 73
DEBUG:requests.packages.urllib3.connectionpool:"GET /publish/pub-c-a1f796fb-1508-4c7e-9a28-9645035eee90/sub-c-d4dd77a4-1e13-11e5-9dcf-0619f8945a4f/0/parkingapp-resp/0/%7B%22001%22%3A%200%7D?pnsdk=PubNub-Python%2F3.7.5 HTTP/1.1" 200 30
DEBUG:requests.packages.urllib3.connectionpool:"GET /subscribe/sub-c-d4dd77a4-1e13-11e5-9dcf-0619f8945a4f/parkingapp-req%2Cparkingdevice-resp%2Cparkingrfid-resp/0/14579366824953284?pnsdk=PubNub-Python%2F3.7.5&uuid=22351273-3aef-48c4-bad5-f63b914cc257 HTTP/1.1" 200 73
DEBUG:requests.packages.urllib3.connectionpool:"GET /publish/pub-c-a1f796fb-1508-4c7e-9a28-9645035eee90/sub-c-d4dd77a4-1e13-11e5-9dcf-0619f8945a4f/0/parkingapp-resp/0/%7B%22002%22%3A%200%7D?pnsdk=PubNub-Python%2F3.7.5 HTTP/1.1" 200 30
DEBUG:requests.packages.urllib3.connectionpool:"GET /subscribe/sub-c-d4dd77a4-1e13-11e5-9dcf-0619f8945a4f/parkingapp-req%2Cparkingdevice-resp%2Cparkingrfid-resp/0/14579366838290167?pnsdk=PubNub-Python%2F3.7.5&uuid=22351273-3aef-48c4-bad5-f63b914cc257 HTTP/1.1" 200 73
DEBUG:requests.packages.urllib3.connectionpool:"GET /publish/pub-c-a1f796fb-1508-4c7e-9a28-9645035eee90/sub-c-d4dd77a4-1e13-11e5-9dcf-0619f8945a4f/0/parkingapp-resp/0/%7B%22003%22%3A%200%7D?pnsdk=PubNub-Python%2F3.7.5 HTTP/1.1" 200 30
DEBUG:requests.packages.urllib3.connectionpool:"GET /subscribe/sub-c-d4dd77a4-1e13-11e5-9dcf-0619f8945a4f/parkingapp-req%2Cparkingdevice-resp%2Cparkingrfid-resp/0/14579366854706059?pnsdk=PubNub-Python%2F3.7.5&uuid=22351273-3aef-48c4-bad5-f63b914cc257 HTTP/1.1" 200 107
DEBUG:requests.packages.urllib3.connectionpool:"GET /publish/pub-c-a1f796fb-1508-4c7e-9a28-9645035eee90/sub-c-d4dd77a4-1e13-11e5-9dcf-0619f8945a4f/0/parkingapp-resp/0/%7B%22003%22%3A%200%2C%20%22002%22%3A%200%2C%20%22001%22%3A%200%7D?pnsdk=PubNub-Python%2F3.7.5 HTTP/1.1" 200 30
DEBUG:requests.packages.urllib3.connectionpool:"GET /subscribe/sub-c-d4dd77a4-1e13-11e5-9dcf-0619f8945a4f/parkingapp-req%2Cparkingdevice-resp%2Cparkingrfid-resp/0/14579366903051829?pnsdk=PubNub-Python%2F3.7.5&uuid=22351273-3aef-48c4-bad5-f63b914cc257 HTTP/1.1" 200 107
DEBUG:requests.packages.urllib3.connectionpool:"GET /publish/pub-c-a1f796fb-1508-4c7e-9a28-9645035eee90/sub-c-d4dd77a4-1e13-11e5-9dcf-0619f8945a4f/0/parkingapp-resp/0/%7B%22003%22%3A%200%2C%20%22002%22%3A%200%2C%20%22001%22%3A%200%7D?pnsdk=PubNub-Python%2F3.7.5 HTTP/1.1" 200 30
DEBUG:requests.packages.urllib3.connectionpool:"GET /subscribe/sub-c-d4dd77a4-1e13-11e5-9dcf-0619f8945a4f/parkingapp-req%2Cparkingdevice-resp%2Cparkingrfid-resp/0/14579366907871602?pnsdk=PubNub-Python%2F3.7.5&uuid=22351273-3aef-48c4-bad5-f63b914cc257 HTTP/1.1" 200 102
DEBUG:requests.packages.urllib3.connectionpool:"GET /subscribe/sub-c-d4dd77a4-1e13-11e5-9dcf-0619f8945a4f/parkingapp-req%2Cparkingdevice-resp%2Cparkingrfid-resp/0/14579366987488806?pnsdk=PubNub-Python%2F3.7.5&uuid=22351273-3aef-48c4-bad5-f63b914cc257 HTTP/1.1" 200 120
DEBUG:requests.packages.urllib3.connectionpool:"GET /publish/pub-c-a1f796fb-1508-4c7e-9a28-9645035eee90/sub-c-d4dd77a4-1e13-11e5-9dcf-0619f8945a4f/0/KA01M123/0/%7B%22totalTime%22%3A%200%2C%20%22carNum%22%3A%20%22KA01M123%22%2C%20%22parkingDate%22%3A%20%2203-14-2016%22%2C%20%22totalAmt%22%3A%200%2C%20%22lotNumber%22%3A%20%22001%22%2C%20%22startTime%22%3A%20%2211%3A55%3A18%22%2C%20%22sessionType%22%3A%200%2C%20%22endTime%22%3A%200%7D?pnsdk=PubNub-Python%2F3.7.5 HTTP/1.1" 200 30
DEBUG:requests.packages.urllib3.connectionpool:"GET /publish/pub-c-a1f796fb-1508-4c7e-9a28-9645035eee90/sub-c-d4dd77a4-1e13-11e5-9dcf-0619f8945a4f/0/parkingapp-resp/0/%7B%22003%22%3A%200%2C%20%22002%22%3A%200%2C%20%22001%22%3A%201%7D?pnsdk=PubNub-Python%2F3.7.5 HTTP/1.1" 200 30
DEBUG:requests.packages.urllib3.connectionpool:"GET /subscribe/sub-c-d4dd77a4-1e13-11e5-9dcf-0619f8945a4f/parkingapp-req%2Cparkingdevice-resp%2Cparkingrfid-resp/0/14579367186976245?pnsdk=PubNub-Python%2F3.7.5&uuid=22351273-3aef-48c4-bad5-f63b914cc257 HTTP/1.1" 200 215
DEBUG:requests.packages.urllib3.connectionpool:"GET /publish/pub-c-a1f796fb-1508-4c7e-9a28-9645035eee90/sub-c-d4dd77a4-1e13-11e5-9dcf-0619f8945a4f/0/KA01M123/0/%7B%22totalTime%22%3A%200%2C%20%22carNum%22%3A%20%22KA01M123%22%2C%20%22parkingDate%22%3A%20%2203-14-2016%22%2C%20%22totalAmt%22%3A%200%2C%20%22lotNumber%22%3A%20%22001%22%2C%20%22startTime%22%3A%20%2211%3A55%3A19%22%2C%20%22sessionType%22%3A%200%2C%20%22endTime%22%3A%200%7D?pnsdk=PubNub-Python%2F3.7.5 HTTP/1.1" 200 30
DEBUG:requests.packages.urllib3.connectionpool:"GET /publish/pub-c-a1f796fb-1508-4c7e-9a28-9645035eee90/sub-c-d4dd77a4-1e13-11e5-9dcf-0619f8945a4f/0/parkingapp-resp/0/%7B%22003%22%3A%200%2C%20%22002%22%3A%200%2C%20%22001%22%3A%201%7D?pnsdk=PubNub-Python%2F3.7.5 HTTP/1.1" 200 30
DEBUG:requests.packages.urllib3.connectionpool:"GET /publish/pub-c-a1f796fb-1508-4c7e-9a28-9645035eee90/sub-c-d4dd77a4-1e13-11e5-9dcf-0619f8945a4f/0/KA01M123/0/%7B%22totalTime%22%3A%200%2C%20%22carNum%22%3A%20%22KA01M123%22%2C%20%22parkingDate%22%3A%20%2203-14-2016%22%2C%20%22totalAmt%22%3A%200%2C%20%22lotNumber%22%3A%20%22001%22%2C%20%22startTime%22%3A%20%2211%3A55%3A20%22%2C%20%22sessionType%22%3A%200%2C%20%22endTime%22%3A%200%7D?pnsdk=PubNub-Python%2F3.7.5 HTTP/1.1" 200 30
DEBUG:requests.packages.urllib3.connectionpool:"GET /publish/pub-c-a1f796fb-1508-4c7e-9a28-9645035eee90/sub-c-d4dd77a4-1e13-11e5-9dcf-0619f8945a4f/0/parkingapp-resp/0/%7B%22003%22%3A%200%2C%20%22002%22%3A%200%2C%20%22001%22%3A%201%7D?pnsdk=PubNub-Python%2F3.7.5 HTTP/1.1" 200 30
DEBUG:requests.packages.urllib3.util.retry:Converted retries value: 1 -> Retry(total=1, connect=None, read=None, redirect=None)
DEBUG:requests.packages.urllib3.util.retry:Converted retries value: 1 -> Retry(total=1, connect=None, read=None, redirect=None)
INFO:requests.packages.urllib3.connectionpool:Starting new HTTP connection (1): pubsub.pubnub.com
INFO:requests.packages.urllib3.connectionpool:Starting new HTTP connection (2): pubsub.pubnub.com
INFO:requests.packages.urllib3.connectionpool:Starting new HTTP connection (3): pubsub.pubnub.com
DEBUG:requests.packages.urllib3.connectionpool:"GET /subscribe/sub-c-d4dd77a4-1e13-11e5-9dcf-0619f8945a4f/parkingdevice-resp/0/0?pnsdk=PubNub-Python%2F3.7.5&uuid=6f01aeef-4f92-4c19-9bea-ea6bfd6adc18 HTTP/1.1" 200 24
DEBUG:requests.packages.urllib3.connectionpool:"GET /subscribe/sub-c-d4dd77a4-1e13-11e5-9dcf-0619f8945a4f/parkingapp-req%2Cparkingdevice-resp/0/0?pnsdk=PubNub-Python%2F3.7.5&uuid=6f01aeef-4f92-4c19-9bea-ea6bfd6adc18 HTTP/1.1" 200 24
DEBUG:requests.packages.urllib3.connectionpool:"GET /subscribe/sub-c-d4dd77a4-1e13-11e5-9dcf-0619f8945a4f/parkingapp-req%2Cparkingdevice-resp%2Cparkingrfid-resp/0/0?pnsdk=PubNub-Python%2F3.7.5&uuid=6f01aeef-4f92-4c19-9bea-ea6bfd6adc18 HTTP/1.1" 200 27
DEBUG:requests.packages.urllib3.connectionpool:"GET /subscribe/sub-c-d4dd77a4-1e13-11e5-9dcf-0619f8945a4f/parkingapp-req%2Cparkingdevice-resp%2Cparkingrfid-resp/0/14579367192850662?pnsdk=PubNub-Python%2F3.7.5&uuid=6f01aeef-4f92-4c19-9bea-ea6bfd6adc18 HTTP/1.1" 200 73
DEBUG:requests.packages.urllib3.connectionpool:"GET /publish/pub-c-a1f796fb-1508-4c7e-9a28-9645035eee90/sub-c-d4dd77a4-1e13-11e5-9dcf-0619f8945a4f/0/parkingapp-resp/0/%7B%22001%22%3A%200%7D?pnsdk=PubNub-Python%2F3.7.5 HTTP/1.1" 200 30
DEBUG:requests.packages.urllib3.connectionpool:"GET /subscribe/sub-c-d4dd77a4-1e13-11e5-9dcf-0619f8945a4f/parkingapp-req%2Cparkingdevice-resp%2Cparkingrfid-resp/0/14579368677085740?pnsdk=PubNub-Python%2F3.7.5&uuid=6f01aeef-4f92-4c19-9bea-ea6bfd6adc18 HTTP/1.1" 200 73
DEBUG:requests.packages.urllib3.connectionpool:"GET /publish/pub-c-a1f796fb-1508-4c7e-9a28-9645035eee90/sub-c-d4dd77a4-1e13-11e5-9dcf-0619f8945a4f/0/parkingapp-resp/0/%7B%22002%22%3A%200%7D?pnsdk=PubNub-Python%2F3.7.5 HTTP/1.1" 200 30
DEBUG:requests.packages.urllib3.connectionpool:"GET /subscribe/sub-c-d4dd77a4-1e13-11e5-9dcf-0619f8945a4f/parkingapp-req%2Cparkingdevice-resp%2Cparkingrfid-resp/0/14579368698835813?pnsdk=PubNub-Python%2F3.7.5&uuid=6f01aeef-4f92-4c19-9bea-ea6bfd6adc18 HTTP/1.1" 200 73
DEBUG:requests.packages.urllib3.connectionpool:"GET /publish/pub-c-a1f796fb-1508-4c7e-9a28-9645035eee90/sub-c-d4dd77a4-1e13-11e5-9dcf-0619f8945a4f/0/parkingapp-resp/0/%7B%22003%22%3A%200%7D?pnsdk=PubNub-Python%2F3.7.5 HTTP/1.1" 200 30
DEBUG:requests.packages.urllib3.connectionpool:"GET /subscribe/sub-c-d4dd77a4-1e13-11e5-9dcf-0619f8945a4f/parkingapp-req%2Cparkingdevice-resp%2Cparkingrfid-resp/0/14579368730257604?pnsdk=PubNub-Python%2F3.7.5&uuid=6f01aeef-4f92-4c19-9bea-ea6bfd6adc18 HTTP/1.1" 200 107
DEBUG:requests.packages.urllib3.connectionpool:"GET /publish/pub-c-a1f796fb-1508-4c7e-9a28-9645035eee90/sub-c-d4dd77a4-1e13-11e5-9dcf-0619f8945a4f/0/parkingapp-resp/0/%7B%22003%22%3A%200%2C%20%22002%22%3A%200%2C%20%22001%22%3A%200%7D?pnsdk=PubNub-Python%2F3.7.5 HTTP/1.1" 200 30
DEBUG:requests.packages.urllib3.connectionpool:"GET /subscribe/sub-c-d4dd77a4-1e13-11e5-9dcf-0619f8945a4f/parkingapp-req%2Cparkingdevice-resp%2Cparkingrfid-resp/0/14579368770165577?pnsdk=PubNub-Python%2F3.7.5&uuid=6f01aeef-4f92-4c19-9bea-ea6bfd6adc18 HTTP/1.1" 200 107
DEBUG:requests.packages.urllib3.connectionpool:"GET /publish/pub-c-a1f796fb-1508-4c7e-9a28-9645035eee90/sub-c-d4dd77a4-1e13-11e5-9dcf-0619f8945a4f/0/parkingapp-resp/0/%7B%22003%22%3A%200%2C%20%22002%22%3A%200%2C%20%22001%22%3A%200%7D?pnsdk=PubNub-Python%2F3.7.5 HTTP/1.1" 200 30
DEBUG:requests.packages.urllib3.connectionpool:"GET /subscribe/sub-c-d4dd77a4-1e13-11e5-9dcf-0619f8945a4f/parkingapp-req%2Cparkingdevice-resp%2Cparkingrfid-resp/0/14579368782057295?pnsdk=PubNub-Python%2F3.7.5&uuid=6f01aeef-4f92-4c19-9bea-ea6bfd6adc18 HTTP/1.1" 200 120
DEBUG:requests.packages.urllib3.connectionpool:"GET /publish/pub-c-a1f796fb-1508-4c7e-9a28-9645035eee90/sub-c-d4dd77a4-1e13-11e5-9dcf-0619f8945a4f/0/KA01M123/0/%7B%22totalTime%22%3A%200%2C%20%22carNum%22%3A%20%22KA01M123%22%2C%20%22parkingDate%22%3A%20%2203-14-2016%22%2C%20%22totalAmt%22%3A%200%2C%20%22lotNumber%22%3A%20%22001%22%2C%20%22startTime%22%3A%20%2211%3A58%3A03%22%2C%20%22sessionType%22%3A%200%2C%20%22endTime%22%3A%200%7D?pnsdk=PubNub-Python%2F3.7.5 HTTP/1.1" 200 30
DEBUG:requests.packages.urllib3.connectionpool:"GET /publish/pub-c-a1f796fb-1508-4c7e-9a28-9645035eee90/sub-c-d4dd77a4-1e13-11e5-9dcf-0619f8945a4f/0/parkingapp-resp/0/%7B%22003%22%3A%200%2C%20%22002%22%3A%200%2C%20%22001%22%3A%201%7D?pnsdk=PubNub-Python%2F3.7.5 HTTP/1.1" 200 30
DEBUG:requests.packages.urllib3.connectionpool:"GET /subscribe/sub-c-d4dd77a4-1e13-11e5-9dcf-0619f8945a4f/parkingapp-req%2Cparkingdevice-resp%2Cparkingrfid-resp/0/14579368829895979?pnsdk=PubNub-Python%2F3.7.5&uuid=6f01aeef-4f92-4c19-9bea-ea6bfd6adc18 HTTP/1.1" 200 27
DEBUG:requests.packages.urllib3.util.retry:Converted retries value: 1 -> Retry(total=1, connect=None, read=None, redirect=None)
DEBUG:requests.packages.urllib3.util.retry:Converted retries value: 1 -> Retry(total=1, connect=None, read=None, redirect=None)
INFO:requests.packages.urllib3.connectionpool:Starting new HTTP connection (1): pubsub.pubnub.com
INFO:requests.packages.urllib3.connectionpool:Starting new HTTP connection (2): pubsub.pubnub.com
INFO:requests.packages.urllib3.connectionpool:Starting new HTTP connection (3): pubsub.pubnub.com
DEBUG:requests.packages.urllib3.connectionpool:"GET /subscribe/sub-c-d4dd77a4-1e13-11e5-9dcf-0619f8945a4f/parkingdevice-resp/0/0?pnsdk=PubNub-Python%2F3.7.5&uuid=f2e67f17-2da6-4079-b400-49c6175cbb9d HTTP/1.1" 200 24
DEBUG:requests.packages.urllib3.connectionpool:"GET /subscribe/sub-c-d4dd77a4-1e13-11e5-9dcf-0619f8945a4f/parkingapp-req%2Cparkingdevice-resp/0/0?pnsdk=PubNub-Python%2F3.7.5&uuid=f2e67f17-2da6-4079-b400-49c6175cbb9d HTTP/1.1" 200 24
DEBUG:requests.packages.urllib3.connectionpool:"GET /subscribe/sub-c-d4dd77a4-1e13-11e5-9dcf-0619f8945a4f/parkingapp-req%2Cparkingdevice-resp%2Cparkingrfid-resp/0/0?pnsdk=PubNub-Python%2F3.7.5&uuid=f2e67f17-2da6-4079-b400-49c6175cbb9d HTTP/1.1" 200 27
DEBUG:requests.packages.urllib3.connectionpool:"GET /subscribe/sub-c-d4dd77a4-1e13-11e5-9dcf-0619f8945a4f/parkingapp-req%2Cparkingdevice-resp%2Cparkingrfid-resp/0/14579368829895979?pnsdk=PubNub-Python%2F3.7.5&uuid=f2e67f17-2da6-4079-b400-49c6175cbb9d HTTP/1.1" 200 107
DEBUG:requests.packages.urllib3.connectionpool:"GET /publish/pub-c-a1f796fb-1508-4c7e-9a28-9645035eee90/sub-c-d4dd77a4-1e13-11e5-9dcf-0619f8945a4f/0/parkingapp-resp/0/%7B%7D?pnsdk=PubNub-Python%2F3.7.5 HTTP/1.1" 200 30
DEBUG:requests.packages.urllib3.connectionpool:"GET /subscribe/sub-c-d4dd77a4-1e13-11e5-9dcf-0619f8945a4f/parkingapp-req%2Cparkingdevice-resp%2Cparkingrfid-resp/0/14579373353346640?pnsdk=PubNub-Python%2F3.7.5&uuid=f2e67f17-2da6-4079-b400-49c6175cbb9d HTTP/1.1" 200 107
DEBUG:requests.packages.urllib3.connectionpool:"GET /publish/pub-c-a1f796fb-1508-4c7e-9a28-9645035eee90/sub-c-d4dd77a4-1e13-11e5-9dcf-0619f8945a4f/0/parkingapp-resp/0/%7B%7D?pnsdk=PubNub-Python%2F3.7.5 HTTP/1.1" 200 30
DEBUG:requests.packages.urllib3.connectionpool:"GET /subscribe/sub-c-d4dd77a4-1e13-11e5-9dcf-0619f8945a4f/parkingapp-req%2Cparkingdevice-resp%2Cparkingrfid-resp/0/14579373439168511?pnsdk=PubNub-Python%2F3.7.5&uuid=f2e67f17-2da6-4079-b400-49c6175cbb9d HTTP/1.1" 200 73
DEBUG:requests.packages.urllib3.connectionpool:"GET /publish/pub-c-a1f796fb-1508-4c7e-9a28-9645035eee90/sub-c-d4dd77a4-1e13-11e5-9dcf-0619f8945a4f/0/parkingapp-resp/0/%7B%22001%22%3A%200%7D?pnsdk=PubNub-Python%2F3.7.5 HTTP/1.1" 200 30
DEBUG:requests.packages.urllib3.connectionpool:"GET /subscribe/sub-c-d4dd77a4-1e13-11e5-9dcf-0619f8945a4f/parkingapp-req%2Cparkingdevice-resp%2Cparkingrfid-resp/0/14579373539182191?pnsdk=PubNub-Python%2F3.7.5&uuid=f2e67f17-2da6-4079-b400-49c6175cbb9d HTTP/1.1" 200 73
DEBUG:requests.packages.urllib3.connectionpool:"GET /publish/pub-c-a1f796fb-1508-4c7e-9a28-9645035eee90/sub-c-d4dd77a4-1e13-11e5-9dcf-0619f8945a4f/0/parkingapp-resp/0/%7B%22002%22%3A%200%7D?pnsdk=PubNub-Python%2F3.7.5 HTTP/1.1" 200 30
DEBUG:requests.packages.urllib3.connectionpool:"GET /subscribe/sub-c-d4dd77a4-1e13-11e5-9dcf-0619f8945a4f/parkingapp-req%2Cparkingdevice-resp%2Cparkingrfid-resp/0/14579373547219566?pnsdk=PubNub-Python%2F3.7.5&uuid=f2e67f17-2da6-4079-b400-49c6175cbb9d HTTP/1.1" 200 73
DEBUG:requests.packages.urllib3.connectionpool:"GET /publish/pub-c-a1f796fb-1508-4c7e-9a28-9645035eee90/sub-c-d4dd77a4-1e13-11e5-9dcf-0619f8945a4f/0/parkingapp-resp/0/%7B%22003%22%3A%200%7D?pnsdk=PubNub-Python%2F3.7.5 HTTP/1.1" 200 30
DEBUG:requests.packages.urllib3.connectionpool:"GET /subscribe/sub-c-d4dd77a4-1e13-11e5-9dcf-0619f8945a4f/parkingapp-req%2Cparkingdevice-resp%2Cparkingrfid-resp/0/14579373555380600?pnsdk=PubNub-Python%2F3.7.5&uuid=f2e67f17-2da6-4079-b400-49c6175cbb9d HTTP/1.1" 200 121
DEBUG:requests.packages.urllib3.connectionpool:"GET /publish/pub-c-a1f796fb-1508-4c7e-9a28-9645035eee90/sub-c-d4dd77a4-1e13-11e5-9dcf-0619f8945a4f/0/KA01M1234/0/%7B%22totalTime%22%3A%200%2C%20%22carNum%22%3A%20%22KA01M1234%22%2C%20%22parkingDate%22%3A%20%2203-14-2016%22%2C%20%22totalAmt%22%3A%200%2C%20%22lotNumber%22%3A%20%22001%22%2C%20%22startTime%22%3A%20%2212%3A06%3A04%22%2C%20%22sessionType%22%3A%200%2C%20%22endTime%22%3A%200%7D?pnsdk=PubNub-Python%2F3.7.5 HTTP/1.1" 200 30
DEBUG:requests.packages.urllib3.connectionpool:"GET /publish/pub-c-a1f796fb-1508-4c7e-9a28-9645035eee90/sub-c-d4dd77a4-1e13-11e5-9dcf-0619f8945a4f/0/parkingapp-resp/0/%7B%22003%22%3A%200%2C%20%22002%22%3A%200%2C%20%22001%22%3A%201%7D?pnsdk=PubNub-Python%2F3.7.5 HTTP/1.1" 200 30
DEBUG:requests.packages.urllib3.util.retry:Converted retries value: 1 -> Retry(total=1, connect=None, read=None, redirect=None)
DEBUG:requests.packages.urllib3.util.retry:Converted retries value: 1 -> Retry(total=1, connect=None, read=None, redirect=None)
INFO:requests.packages.urllib3.connectionpool:Starting new HTTP connection (1): pubsub.pubnub.com
INFO:requests.packages.urllib3.connectionpool:Starting new HTTP connection (2): pubsub.pubnub.com
DEBUG:root:dataBase connection_ERROR : global name 'os' is not defined
DEBUG:root:dataBase connection_ERROR : global name 'os' is not defined
DEBUG:root:dataBase connection_ERROR : global name 'os' is not defined
INFO:requests.packages.urllib3.connectionpool:Starting new HTTP connection (3): pubsub.pubnub.com
DEBUG:requests.packages.urllib3.connectionpool:"GET /subscribe/sub-c-d4dd77a4-1e13-11e5-9dcf-0619f8945a4f/parkingdevice-resp/0/0?pnsdk=PubNub-Python%2F3.7.5&uuid=14e3519d-4124-44ad-9305-980a02017461 HTTP/1.1" 200 24
DEBUG:requests.packages.urllib3.connectionpool:"GET /subscribe/sub-c-d4dd77a4-1e13-11e5-9dcf-0619f8945a4f/parkingapp-req%2Cparkingdevice-resp%2Cparkingrfid-resp/0/0?pnsdk=PubNub-Python%2F3.7.5&uuid=14e3519d-4124-44ad-9305-980a02017461 HTTP/1.1" 200 27
DEBUG:requests.packages.urllib3.connectionpool:"GET /subscribe/sub-c-d4dd77a4-1e13-11e5-9dcf-0619f8945a4f/parkingapp-req%2Cparkingdevice-resp/0/0?pnsdk=PubNub-Python%2F3.7.5&uuid=14e3519d-4124-44ad-9305-980a02017461 HTTP/1.1" 200 24
DEBUG:requests.packages.urllib3.util.retry:Converted retries value: 1 -> Retry(total=1, connect=None, read=None, redirect=None)
DEBUG:requests.packages.urllib3.util.retry:Converted retries value: 1 -> Retry(total=1, connect=None, read=None, redirect=None)
INFO:requests.packages.urllib3.connectionpool:Starting new HTTP connection (1): pubsub.pubnub.com
INFO:requests.packages.urllib3.connectionpool:Starting new HTTP connection (2): pubsub.pubnub.com
DEBUG:root:dataBase connection_ERROR : global name 'os' is not defined
INFO:requests.packages.urllib3.connectionpool:Starting new HTTP connection (3): pubsub.pubnub.com
DEBUG:root:dataBase connection_ERROR : global name 'os' is not defined
DEBUG:root:dataBase connection_ERROR : global name 'os' is not defined
DEBUG:requests.packages.urllib3.connectionpool:"GET /subscribe/sub-c-d4dd77a4-1e13-11e5-9dcf-0619f8945a4f/parkingdevice-resp/0/0?pnsdk=PubNub-Python%2F3.7.5&uuid=33e9e186-41f5-49d9-ad19-e03a6b2ca2af HTTP/1.1" 200 24
DEBUG:requests.packages.urllib3.connectionpool:"GET /subscribe/sub-c-d4dd77a4-1e13-11e5-9dcf-0619f8945a4f/parkingapp-req%2Cparkingdevice-resp/0/0?pnsdk=PubNub-Python%2F3.7.5&uuid=33e9e186-41f5-49d9-ad19-e03a6b2ca2af HTTP/1.1" 200 24
DEBUG:requests.packages.urllib3.connectionpool:"GET /subscribe/sub-c-d4dd77a4-1e13-11e5-9dcf-0619f8945a4f/parkingapp-req%2Cparkingdevice-resp%2Cparkingrfid-resp/0/0?pnsdk=PubNub-Python%2F3.7.5&uuid=33e9e186-41f5-49d9-ad19-e03a6b2ca2af HTTP/1.1" 200 27
DEBUG:requests.packages.urllib3.util.retry:Converted retries value: 1 -> Retry(total=1, connect=None, read=None, redirect=None)
DEBUG:requests.packages.urllib3.util.retry:Converted retries value: 1 -> Retry(total=1, connect=None, read=None, redirect=None)
INFO:requests.packages.urllib3.connectionpool:Starting new HTTP connection (1): pubsub.pubnub.com
INFO:requests.packages.urllib3.connectionpool:Starting new HTTP connection (2): pubsub.pubnub.com
DEBUG:root:dataBase connection_ERROR : global name 'os' is not defined
DEBUG:root:dataBase connection_ERROR : global name 'os' is not defined
DEBUG:root:dataBase connection_ERROR : global name 'os' is not defined
INFO:requests.packages.urllib3.connectionpool:Starting new HTTP connection (3): pubsub.pubnub.com
DEBUG:requests.packages.urllib3.connectionpool:"GET /subscribe/sub-c-d4dd77a4-1e13-11e5-9dcf-0619f8945a4f/parkingapp-req%2Cparkingdevice-resp/0/0?pnsdk=PubNub-Python%2F3.7.5&uuid=bc78fbed-0899-4d0a-9f45-38b955b1dcd5 HTTP/1.1" 200 24
DEBUG:requests.packages.urllib3.connectionpool:"GET /subscribe/sub-c-d4dd77a4-1e13-11e5-9dcf-0619f8945a4f/parkingapp-req%2Cparkingdevice-resp%2Cparkingrfid-resp/0/0?pnsdk=PubNub-Python%2F3.7.5&uuid=bc78fbed-0899-4d0a-9f45-38b955b1dcd5 HTTP/1.1" 200 27
DEBUG:requests.packages.urllib3.connectionpool:"GET /subscribe/sub-c-d4dd77a4-1e13-11e5-9dcf-0619f8945a4f/parkingdevice-resp/0/0?pnsdk=PubNub-Python%2F3.7.5&uuid=bc78fbed-0899-4d0a-9f45-38b955b1dcd5 HTTP/1.1" 200 24
DEBUG:requests.packages.urllib3.util.retry:Converted retries value: 1 -> Retry(total=1, connect=None, read=None, redirect=None)
DEBUG:requests.packages.urllib3.util.retry:Converted retries value: 1 -> Retry(total=1, connect=None, read=None, redirect=None)
INFO:requests.packages.urllib3.connectionpool:Starting new HTTP connection (1): pubsub.pubnub.com
INFO:requests.packages.urllib3.connectionpool:Starting new HTTP connection (2): pubsub.pubnub.com
DEBUG:root:dataBase connection_ERROR : global name 'ibm_db' is not defined
DEBUG:root:dataBase connection_ERROR : global name 'ibm_db' is not defined
INFO:requests.packages.urllib3.connectionpool:Starting new HTTP connection (3): pubsub.pubnub.com
DEBUG:root:dataBase connection_ERROR : global name 'ibm_db' is not defined
DEBUG:requests.packages.urllib3.connectionpool:"GET /subscribe/sub-c-d4dd77a4-1e13-11e5-9dcf-0619f8945a4f/parkingdevice-resp/0/0?pnsdk=PubNub-Python%2F3.7.5&uuid=54ee19bb-ddae-4aad-a827-c03c23deb085 HTTP/1.1" 200 24
DEBUG:requests.packages.urllib3.connectionpool:"GET /subscribe/sub-c-d4dd77a4-1e13-11e5-9dcf-0619f8945a4f/parkingapp-req%2Cparkingdevice-resp%2Cparkingrfid-resp/0/0?pnsdk=PubNub-Python%2F3.7.5&uuid=54ee19bb-ddae-4aad-a827-c03c23deb085 HTTP/1.1" 200 27
DEBUG:requests.packages.urllib3.connectionpool:"GET /subscribe/sub-c-d4dd77a4-1e13-11e5-9dcf-0619f8945a4f/parkingapp-req%2Cparkingdevice-resp/0/0?pnsdk=PubNub-Python%2F3.7.5&uuid=54ee19bb-ddae-4aad-a827-c03c23deb085 HTTP/1.1" 200 24
DEBUG:requests.packages.urllib3.util.retry:Converted retries value: 1 -> Retry(total=1, connect=None, read=None, redirect=None)
DEBUG:requests.packages.urllib3.util.retry:Converted retries value: 1 -> Retry(total=1, connect=None, read=None, redirect=None)
INFO:requests.packages.urllib3.connectionpool:Starting new HTTP connection (1): pubsub.pubnub.com
INFO:requests.packages.urllib3.connectionpool:Starting new HTTP connection (2): pubsub.pubnub.com
DEBUG:root:dataBase connection_ERROR : global name 'ibm_db' is not defined
DEBUG:root:dataBase connection_ERROR : global name 'ibm_db' is not defined
INFO:requests.packages.urllib3.connectionpool:Starting new HTTP connection (3): pubsub.pubnub.com
DEBUG:root:dataBase connection_ERROR : global name 'ibm_db' is not defined
DEBUG:requests.packages.urllib3.connectionpool:"GET /subscribe/sub-c-d4dd77a4-1e13-11e5-9dcf-0619f8945a4f/parkingdevice-resp/0/0?pnsdk=PubNub-Python%2F3.7.5&uuid=c1cd24f6-e8ac-4a93-8724-39e93255a286 HTTP/1.1" 200 24
DEBUG:requests.packages.urllib3.connectionpool:"GET /subscribe/sub-c-d4dd77a4-1e13-11e5-9dcf-0619f8945a4f/parkingapp-req%2Cparkingdevice-resp%2Cparkingrfid-resp/0/0?pnsdk=PubNub-Python%2F3.7.5&uuid=c1cd24f6-e8ac-4a93-8724-39e93255a286 HTTP/1.1" 200 27
DEBUG:requests.packages.urllib3.connectionpool:"GET /subscribe/sub-c-d4dd77a4-1e13-11e5-9dcf-0619f8945a4f/parkingapp-req%2Cparkingdevice-resp/0/0?pnsdk=PubNub-Python%2F3.7.5&uuid=c1cd24f6-e8ac-4a93-8724-39e93255a286 HTTP/1.1" 200 24
DEBUG:requests.packages.urllib3.util.retry:Converted retries value: 1 -> Retry(total=1, connect=None, read=None, redirect=None)
DEBUG:requests.packages.urllib3.util.retry:Converted retries value: 1 -> Retry(total=1, connect=None, read=None, redirect=None)
INFO:requests.packages.urllib3.connectionpool:Starting new HTTP connection (1): pubsub.pubnub.com
INFO:requests.packages.urllib3.connectionpool:Starting new HTTP connection (2): pubsub.pubnub.com
INFO:requests.packages.urllib3.connectionpool:Starting new HTTP connection (3): pubsub.pubnub.com
DEBUG:requests.packages.urllib3.connectionpool:"GET /subscribe/sub-c-d4dd77a4-1e13-11e5-9dcf-0619f8945a4f/parkingapp-req%2Cparkingdevice-resp/0/0?pnsdk=PubNub-Python%2F3.7.5&uuid=9ccf6d34-2830-4b7b-864a-d0e6624e683d HTTP/1.1" 200 24
DEBUG:requests.packages.urllib3.connectionpool:"GET /subscribe/sub-c-d4dd77a4-1e13-11e5-9dcf-0619f8945a4f/parkingdevice-resp/0/0?pnsdk=PubNub-Python%2F3.7.5&uuid=9ccf6d34-2830-4b7b-864a-d0e6624e683d HTTP/1.1" 200 24
DEBUG:requests.packages.urllib3.connectionpool:"GET /subscribe/sub-c-d4dd77a4-1e13-11e5-9dcf-0619f8945a4f/parkingapp-req%2Cparkingdevice-resp%2Cparkingrfid-resp/0/0?pnsdk=PubNub-Python%2F3.7.5&uuid=9ccf6d34-2830-4b7b-864a-d0e6624e683d HTTP/1.1" 200 27
DEBUG:requests.packages.urllib3.connectionpool:"GET /subscribe/sub-c-d4dd77a4-1e13-11e5-9dcf-0619f8945a4f/parkingapp-req%2Cparkingdevice-resp%2Cparkingrfid-resp/0/14579373639341511?pnsdk=PubNub-Python%2F3.7.5&uuid=9ccf6d34-2830-4b7b-864a-d0e6624e683d HTTP/1.1" 200 107
DEBUG:requests.packages.urllib3.connectionpool:"GET /publish/pub-c-a1f796fb-1508-4c7e-9a28-9645035eee90/sub-c-d4dd77a4-1e13-11e5-9dcf-0619f8945a4f/0/parkingapp-resp/0/%7B%7D?pnsdk=PubNub-Python%2F3.7.5 HTTP/1.1" 200 30
DEBUG:requests.packages.urllib3.connectionpool:"GET /subscribe/sub-c-d4dd77a4-1e13-11e5-9dcf-0619f8945a4f/parkingapp-req%2Cparkingdevice-resp%2Cparkingrfid-resp/0/14579377077747962?pnsdk=PubNub-Python%2F3.7.5&uuid=9ccf6d34-2830-4b7b-864a-d0e6624e683d HTTP/1.1" 200 107
DEBUG:requests.packages.urllib3.connectionpool:"GET /publish/pub-c-a1f796fb-1508-4c7e-9a28-9645035eee90/sub-c-d4dd77a4-1e13-11e5-9dcf-0619f8945a4f/0/parkingapp-resp/0/%7B%7D?pnsdk=PubNub-Python%2F3.7.5 HTTP/1.1" 200 30
DEBUG:requests.packages.urllib3.connectionpool:"GET /subscribe/sub-c-d4dd77a4-1e13-11e5-9dcf-0619f8945a4f/parkingapp-req%2Cparkingdevice-resp%2Cparkingrfid-resp/0/14579377101480208?pnsdk=PubNub-Python%2F3.7.5&uuid=9ccf6d34-2830-4b7b-864a-d0e6624e683d HTTP/1.1" 200 73
DEBUG:requests.packages.urllib3.connectionpool:"GET /publish/pub-c-a1f796fb-1508-4c7e-9a28-9645035eee90/sub-c-d4dd77a4-1e13-11e5-9dcf-0619f8945a4f/0/parkingapp-resp/0/%7B%22002%22%3A%201%7D?pnsdk=PubNub-Python%2F3.7.5 HTTP/1.1" 200 30
DEBUG:requests.packages.urllib3.connectionpool:"GET /subscribe/sub-c-d4dd77a4-1e13-11e5-9dcf-0619f8945a4f/parkingapp-req%2Cparkingdevice-resp%2Cparkingrfid-resp/0/14579377189779505?pnsdk=PubNub-Python%2F3.7.5&uuid=9ccf6d34-2830-4b7b-864a-d0e6624e683d HTTP/1.1" 200 73
DEBUG:requests.packages.urllib3.connectionpool:"GET /publish/pub-c-a1f796fb-1508-4c7e-9a28-9645035eee90/sub-c-d4dd77a4-1e13-11e5-9dcf-0619f8945a4f/0/parkingapp-resp/0/%7B%22001%22%3A%201%7D?pnsdk=PubNub-Python%2F3.7.5 HTTP/1.1" 200 30
DEBUG:requests.packages.urllib3.connectionpool:"GET /subscribe/sub-c-d4dd77a4-1e13-11e5-9dcf-0619f8945a4f/parkingapp-req%2Cparkingdevice-resp%2Cparkingrfid-resp/0/14579377207192318?pnsdk=PubNub-Python%2F3.7.5&uuid=9ccf6d34-2830-4b7b-864a-d0e6624e683d HTTP/1.1" 200 73
DEBUG:requests.packages.urllib3.connectionpool:"GET /publish/pub-c-a1f796fb-1508-4c7e-9a28-9645035eee90/sub-c-d4dd77a4-1e13-11e5-9dcf-0619f8945a4f/0/parkingapp-resp/0/%7B%22002%22%3A%200%7D?pnsdk=PubNub-Python%2F3.7.5 HTTP/1.1" 200 30
DEBUG:requests.packages.urllib3.connectionpool:"GET /subscribe/sub-c-d4dd77a4-1e13-11e5-9dcf-0619f8945a4f/parkingapp-req%2Cparkingdevice-resp%2Cparkingrfid-resp/0/14579377218745319?pnsdk=PubNub-Python%2F3.7.5&uuid=9ccf6d34-2830-4b7b-864a-d0e6624e683d HTTP/1.1" 200 73
DEBUG:requests.packages.urllib3.connectionpool:"GET /publish/pub-c-a1f796fb-1508-4c7e-9a28-9645035eee90/sub-c-d4dd77a4-1e13-11e5-9dcf-0619f8945a4f/0/parkingapp-resp/0/%7B%22001%22%3A%200%7D?pnsdk=PubNub-Python%2F3.7.5 HTTP/1.1" 200 30
DEBUG:requests.packages.urllib3.connectionpool:"GET /subscribe/sub-c-d4dd77a4-1e13-11e5-9dcf-0619f8945a4f/parkingapp-req%2Cparkingdevice-resp%2Cparkingrfid-resp/0/14579377234874999?pnsdk=PubNub-Python%2F3.7.5&uuid=9ccf6d34-2830-4b7b-864a-d0e6624e683d HTTP/1.1" 200 73
DEBUG:requests.packages.urllib3.connectionpool:"GET /publish/pub-c-a1f796fb-1508-4c7e-9a28-9645035eee90/sub-c-d4dd77a4-1e13-11e5-9dcf-0619f8945a4f/0/parkingapp-resp/0/%7B%22003%22%3A%201%7D?pnsdk=PubNub-Python%2F3.7.5 HTTP/1.1" 200 30
DEBUG:requests.packages.urllib3.connectionpool:"GET /subscribe/sub-c-d4dd77a4-1e13-11e5-9dcf-0619f8945a4f/parkingapp-req%2Cparkingdevice-resp%2Cparkingrfid-resp/0/14579377356831364?pnsdk=PubNub-Python%2F3.7.5&uuid=9ccf6d34-2830-4b7b-864a-d0e6624e683d HTTP/1.1" 200 73
DEBUG:requests.packages.urllib3.connectionpool:"GET /publish/pub-c-a1f796fb-1508-4c7e-9a28-9645035eee90/sub-c-d4dd77a4-1e13-11e5-9dcf-0619f8945a4f/0/parkingapp-resp/0/%7B%22003%22%3A%200%7D?pnsdk=PubNub-Python%2F3.7.5 HTTP/1.1" 200 30
DEBUG:requests.packages.urllib3.connectionpool:"GET /subscribe/sub-c-d4dd77a4-1e13-11e5-9dcf-0619f8945a4f/parkingapp-req%2Cparkingdevice-resp%2Cparkingrfid-resp/0/14579377374161546?pnsdk=PubNub-Python%2F3.7.5&uuid=9ccf6d34-2830-4b7b-864a-d0e6624e683d HTTP/1.1" 200 121
DEBUG:requests.packages.urllib3.connectionpool:"GET /publish/pub-c-a1f796fb-1508-4c7e-9a28-9645035eee90/sub-c-d4dd77a4-1e13-11e5-9dcf-0619f8945a4f/0/KA01M1234/0/%7B%22totalTime%22%3A%200%2C%20%22carNum%22%3A%20%22KA01M1234%22%2C%20%22parkingDate%22%3A%20%2203-14-2016%22%2C%20%22totalAmt%22%3A%200%2C%20%22lotNumber%22%3A%20%22001%22%2C%20%22startTime%22%3A%20%2212%3A12%3A19%22%2C%20%22sessionType%22%3A%200%2C%20%22endTime%22%3A%200%7D?pnsdk=PubNub-Python%2F3.7.5 HTTP/1.1" 200 30
DEBUG:requests.packages.urllib3.connectionpool:"GET /publish/pub-c-a1f796fb-1508-4c7e-9a28-9645035eee90/sub-c-d4dd77a4-1e13-11e5-9dcf-0619f8945a4f/0/parkingapp-resp/0/%7B%22003%22%3A%200%2C%20%22002%22%3A%200%2C%20%22001%22%3A%201%7D?pnsdk=PubNub-Python%2F3.7.5 HTTP/1.1" 200 30
DEBUG:requests.packages.urllib3.connectionpool:"GET /subscribe/sub-c-d4dd77a4-1e13-11e5-9dcf-0619f8945a4f/parkingapp-req%2Cparkingdevice-resp%2Cparkingrfid-resp/0/14579377391331023?pnsdk=PubNub-Python%2F3.7.5&uuid=9ccf6d34-2830-4b7b-864a-d0e6624e683d HTTP/1.1" 200 73
DEBUG:requests.packages.urllib3.connectionpool:"GET /publish/pub-c-a1f796fb-1508-4c7e-9a28-9645035eee90/sub-c-d4dd77a4-1e13-11e5-9dcf-0619f8945a4f/0/parkingapp-resp/0/%7B%22001%22%3A%201%7D?pnsdk=PubNub-Python%2F3.7.5 HTTP/1.1" 200 30
DEBUG:requests.packages.urllib3.connectionpool:"GET /subscribe/sub-c-d4dd77a4-1e13-11e5-9dcf-0619f8945a4f/parkingapp-req%2Cparkingdevice-resp%2Cparkingrfid-resp/0/14579377497936952?pnsdk=PubNub-Python%2F3.7.5&uuid=9ccf6d34-2830-4b7b-864a-d0e6624e683d HTTP/1.1" 200 73
DEBUG:requests.packages.urllib3.connectionpool:"GET /publish/pub-c-a1f796fb-1508-4c7e-9a28-9645035eee90/sub-c-d4dd77a4-1e13-11e5-9dcf-0619f8945a4f/0/KA01M1234/0/%7B%22totalTime%22%3A%20%221%20Minute%22%2C%20%22carNum%22%3A%20%22KA01M1234%22%2C%20%22parkingDate%22%3A%20%2203-14-2016%22%2C%20%22totalAmt%22%3A%2010%2C%20%22lotNumber%22%3A%20%22001%22%2C%20%22startTime%22%3A%20%2212%3A12%3A19%22%2C%20%22sessionType%22%3A%201%2C%20%22endTime%22%3A%20%2212%3A12%3A35%22%7D?pnsdk=PubNub-Python%2F3.7.5 HTTP/1.1" 200 30
DEBUG:requests.packages.urllib3.connectionpool:"GET /publish/pub-c-a1f796fb-1508-4c7e-9a28-9645035eee90/sub-c-d4dd77a4-1e13-11e5-9dcf-0619f8945a4f/0/parkingapp-resp/0/%7B%22001%22%3A%200%7D?pnsdk=PubNub-Python%2F3.7.5 HTTP/1.1" 200 30
DEBUG:requests.packages.urllib3.connectionpool:"GET /subscribe/sub-c-d4dd77a4-1e13-11e5-9dcf-0619f8945a4f/parkingapp-req%2Cparkingdevice-resp%2Cparkingrfid-resp/0/14579377555685636?pnsdk=PubNub-Python%2F3.7.5&uuid=9ccf6d34-2830-4b7b-864a-d0e6624e683d HTTP/1.1" 200 107
DEBUG:requests.packages.urllib3.connectionpool:"GET /publish/pub-c-a1f796fb-1508-4c7e-9a28-9645035eee90/sub-c-d4dd77a4-1e13-11e5-9dcf-0619f8945a4f/0/parkingapp-resp/0/%7B%22003%22%3A%200%2C%20%22002%22%3A%200%2C%20%22001%22%3A%200%7D?pnsdk=PubNub-Python%2F3.7.5 HTTP/1.1" 200 30
DEBUG:requests.packages.urllib3.connectionpool:"GET /subscribe/sub-c-d4dd77a4-1e13-11e5-9dcf-0619f8945a4f/parkingapp-req%2Cparkingdevice-resp%2Cparkingrfid-resp/0/14579377752724647?pnsdk=PubNub-Python%2F3.7.5&uuid=9ccf6d34-2830-4b7b-864a-d0e6624e683d HTTP/1.1" 200 27
DEBUG:requests.packages.urllib3.connectionpool:"GET /subscribe/sub-c-d4dd77a4-1e13-11e5-9dcf-0619f8945a4f/parkingapp-req%2Cparkingdevice-resp%2Cparkingrfid-resp/0/14579377752724647?pnsdk=PubNub-Python%2F3.7.5&uuid=9ccf6d34-2830-4b7b-864a-d0e6624e683d HTTP/1.1" 200 73
DEBUG:requests.packages.urllib3.connectionpool:"GET /publish/pub-c-a1f796fb-1508-4c7e-9a28-9645035eee90/sub-c-d4dd77a4-1e13-11e5-9dcf-0619f8945a4f/0/parkingapp-resp/0/%7B%22001%22%3A%201%7D?pnsdk=PubNub-Python%2F3.7.5 HTTP/1.1" 200 30
DEBUG:requests.packages.urllib3.connectionpool:"GET /subscribe/sub-c-d4dd77a4-1e13-11e5-9dcf-0619f8945a4f/parkingapp-req%2Cparkingdevice-resp%2Cparkingrfid-resp/0/14579380241199765?pnsdk=PubNub-Python%2F3.7.5&uuid=9ccf6d34-2830-4b7b-864a-d0e6624e683d HTTP/1.1" 200 73
DEBUG:requests.packages.urllib3.connectionpool:"GET /publish/pub-c-a1f796fb-1508-4c7e-9a28-9645035eee90/sub-c-d4dd77a4-1e13-11e5-9dcf-0619f8945a4f/0/parkingapp-resp/0/%7B%22001%22%3A%200%7D?pnsdk=PubNub-Python%2F3.7.5 HTTP/1.1" 200 30
DEBUG:requests.packages.urllib3.connectionpool:"GET /subscribe/sub-c-d4dd77a4-1e13-11e5-9dcf-0619f8945a4f/parkingapp-req%2Cparkingdevice-resp%2Cparkingrfid-resp/0/14579380263734565?pnsdk=PubNub-Python%2F3.7.5&uuid=9ccf6d34-2830-4b7b-864a-d0e6624e683d HTTP/1.1" 200 27
DEBUG:requests.packages.urllib3.util.retry:Incremented Retry for (url='/subscribe/sub-c-d4dd77a4-1e13-11e5-9dcf-0619f8945a4f/parkingapp-req%2Cparkingdevice-resp%2Cparkingrfid-resp/0/14579380263734565?pnsdk=PubNub-Python%2F3.7.5&uuid=9ccf6d34-2830-4b7b-864a-d0e6624e683d'): Retry(total=0, connect=None, read=None, redirect=None)
WARNING:requests.packages.urllib3.connectionpool:Retrying (Retry(total=0, connect=None, read=None, redirect=None)) after connection broken by 'ReadTimeoutError("HTTPConnectionPool(host='pubsub.pubnub.com', port=80): Read timed out. (read timeout=320)",)': /subscribe/sub-c-d4dd77a4-1e13-11e5-9dcf-0619f8945a4f/parkingapp-req%2Cparkingdevice-resp%2Cparkingrfid-resp/0/14579380263734565?pnsdk=PubNub-Python%2F3.7.5&uuid=9ccf6d34-2830-4b7b-864a-d0e6624e683d
INFO:requests.packages.urllib3.connectionpool:Starting new HTTP connection (4): pubsub.pubnub.com
DEBUG:requests.packages.urllib3.connectionpool:"GET /subscribe/sub-c-d4dd77a4-1e13-11e5-9dcf-0619f8945a4f/parkingapp-req%2Cparkingdevice-resp%2Cparkingrfid-resp/0/14579380263734565?pnsdk=PubNub-Python%2F3.7.5&uuid=9ccf6d34-2830-4b7b-864a-d0e6624e683d HTTP/1.1" 200 121
DEBUG:requests.packages.urllib3.connectionpool:"GET /publish/pub-c-a1f796fb-1508-4c7e-9a28-9645035eee90/sub-c-d4dd77a4-1e13-11e5-9dcf-0619f8945a4f/0/parkingapp-resp/0/%7B%22002%22%3A%201%7D?pnsdk=PubNub-Python%2F3.7.5 HTTP/1.1" 200 30
DEBUG:requests.packages.urllib3.connectionpool:"GET /publish/pub-c-a1f796fb-1508-4c7e-9a28-9645035eee90/sub-c-d4dd77a4-1e13-11e5-9dcf-0619f8945a4f/0/parkingapp-resp/0/%7B%22002%22%3A%200%7D?pnsdk=PubNub-Python%2F3.7.5 HTTP/1.1" 200 30
DEBUG:requests.packages.urllib3.util.retry:Incremented Retry for (url='/subscribe/sub-c-d4dd77a4-1e13-11e5-9dcf-0619f8945a4f/parkingapp-req%2Cparkingdevice-resp%2Cparkingrfid-resp/0/14579384867443375?pnsdk=PubNub-Python%2F3.7.5&uuid=9ccf6d34-2830-4b7b-864a-d0e6624e683d'): Retry(total=0, connect=None, read=None, redirect=None)
WARNING:requests.packages.urllib3.connectionpool:Retrying (Retry(total=0, connect=None, read=None, redirect=None)) after connection broken by 'ReadTimeoutError("HTTPConnectionPool(host='pubsub.pubnub.com', port=80): Read timed out. (read timeout=320)",)': /subscribe/sub-c-d4dd77a4-1e13-11e5-9dcf-0619f8945a4f/parkingapp-req%2Cparkingdevice-resp%2Cparkingrfid-resp/0/14579384867443375?pnsdk=PubNub-Python%2F3.7.5&uuid=9ccf6d34-2830-4b7b-864a-d0e6624e683d
INFO:requests.packages.urllib3.connectionpool:Starting new HTTP connection (5): pubsub.pubnub.com
INFO:requests.packages.urllib3.connectionpool:Starting new HTTP connection (6): pubsub.pubnub.com
DEBUG:requests.packages.urllib3.connectionpool:"GET /subscribe/sub-c-d4dd77a4-1e13-11e5-9dcf-0619f8945a4f/parkingapp-req%2Cparkingdevice-resp%2Cparkingrfid-resp/0/0?pnsdk=PubNub-Python%2F3.7.5&uuid=9ccf6d34-2830-4b7b-864a-d0e6624e683d HTTP/1.1" 200 27
DEBUG:requests.packages.urllib3.util.retry:Incremented Retry for (url='/subscribe/sub-c-d4dd77a4-1e13-11e5-9dcf-0619f8945a4f/parkingapp-req%2Cparkingdevice-resp%2Cparkingrfid-resp/0/14579384867443375?pnsdk=PubNub-Python%2F3.7.5&uuid=9ccf6d34-2830-4b7b-864a-d0e6624e683d'): Retry(total=0, connect=None, read=None, redirect=None)
WARNING:requests.packages.urllib3.connectionpool:Retrying (Retry(total=0, connect=None, read=None, redirect=None)) after connection broken by 'ReadTimeoutError("HTTPConnectionPool(host='pubsub.pubnub.com', port=80): Read timed out. (read timeout=320)",)': /subscribe/sub-c-d4dd77a4-1e13-11e5-9dcf-0619f8945a4f/parkingapp-req%2Cparkingdevice-resp%2Cparkingrfid-resp/0/14579384867443375?pnsdk=PubNub-Python%2F3.7.5&uuid=9ccf6d34-2830-4b7b-864a-d0e6624e683d
INFO:requests.packages.urllib3.connectionpool:Starting new HTTP connection (7): pubsub.pubnub.com
INFO:requests.packages.urllib3.connectionpool:Starting new HTTP connection (8): pubsub.pubnub.com
DEBUG:requests.packages.urllib3.connectionpool:"GET /subscribe/sub-c-d4dd77a4-1e13-11e5-9dcf-0619f8945a4f/parkingapp-req%2Cparkingdevice-resp%2Cparkingrfid-resp/0/0?pnsdk=PubNub-Python%2F3.7.5&uuid=9ccf6d34-2830-4b7b-864a-d0e6624e683d HTTP/1.1" 200 27
DEBUG:requests.packages.urllib3.util.retry:Incremented Retry for (url='/subscribe/sub-c-d4dd77a4-1e13-11e5-9dcf-0619f8945a4f/parkingapp-req%2Cparkingdevice-resp%2Cparkingrfid-resp/0/14579384867443375?pnsdk=PubNub-Python%2F3.7.5&uuid=9ccf6d34-2830-4b7b-864a-d0e6624e683d'): Retry(total=0, connect=None, read=None, redirect=None)
WARNING:requests.packages.urllib3.connectionpool:Retrying (Retry(total=0, connect=None, read=None, redirect=None)) after connection broken by 'ReadTimeoutError("HTTPConnectionPool(host='pubsub.pubnub.com', port=80): Read timed out. (read timeout=320)",)': /subscribe/sub-c-d4dd77a4-1e13-11e5-9dcf-0619f8945a4f/parkingapp-req%2Cparkingdevice-resp%2Cparkingrfid-resp/0/14579384867443375?pnsdk=PubNub-Python%2F3.7.5&uuid=9ccf6d34-2830-4b7b-864a-d0e6624e683d
INFO:requests.packages.urllib3.connectionpool:Starting new HTTP connection (9): pubsub.pubnub.com
DEBUG:requests.packages.urllib3.connectionpool:"GET /subscribe/sub-c-d4dd77a4-1e13-11e5-9dcf-0619f8945a4f/parkingapp-req%2Cparkingdevice-resp%2Cparkingrfid-resp/0/14579384867443375?pnsdk=PubNub-Python%2F3.7.5&uuid=9ccf6d34-2830-4b7b-864a-d0e6624e683d HTTP/1.1" 200 107
DEBUG:requests.packages.urllib3.connectionpool:"GET /publish/pub-c-a1f796fb-1508-4c7e-9a28-9645035eee90/sub-c-d4dd77a4-1e13-11e5-9dcf-0619f8945a4f/0/parkingapp-resp/0/%7B%22003%22%3A%200%2C%20%22002%22%3A%200%2C%20%22001%22%3A%200%7D?pnsdk=PubNub-Python%2F3.7.5 HTTP/1.1" 200 30
DEBUG:requests.packages.urllib3.connectionpool:"GET /subscribe/sub-c-d4dd77a4-1e13-11e5-9dcf-0619f8945a4f/parkingapp-req%2Cparkingdevice-resp%2Cparkingrfid-resp/0/14579402804950064?pnsdk=PubNub-Python%2F3.7.5&uuid=9ccf6d34-2830-4b7b-864a-d0e6624e683d HTTP/1.1" 200 27
DEBUG:requests.packages.urllib3.util.retry:Incremented Retry for (url='/subscribe/sub-c-d4dd77a4-1e13-11e5-9dcf-0619f8945a4f/parkingapp-req%2Cparkingdevice-resp%2Cparkingrfid-resp/0/14579402804950064?pnsdk=PubNub-Python%2F3.7.5&uuid=9ccf6d34-2830-4b7b-864a-d0e6624e683d'): Retry(total=0, connect=None, read=None, redirect=None)
WARNING:requests.packages.urllib3.connectionpool:Retrying (Retry(total=0, connect=None, read=None, redirect=None)) after connection broken by 'ReadTimeoutError("HTTPConnectionPool(host='pubsub.pubnub.com', port=80): Read timed out. (read timeout=320)",)': /subscribe/sub-c-d4dd77a4-1e13-11e5-9dcf-0619f8945a4f/parkingapp-req%2Cparkingdevice-resp%2Cparkingrfid-resp/0/14579402804950064?pnsdk=PubNub-Python%2F3.7.5&uuid=9ccf6d34-2830-4b7b-864a-d0e6624e683d
INFO:requests.packages.urllib3.connectionpool:Starting new HTTP connection (10): pubsub.pubnub.com
INFO:requests.packages.urllib3.connectionpool:Starting new HTTP connection (11): pubsub.pubnub.com
DEBUG:requests.packages.urllib3.connectionpool:"GET /subscribe/sub-c-d4dd77a4-1e13-11e5-9dcf-0619f8945a4f/parkingapp-req%2Cparkingdevice-resp%2Cparkingrfid-resp/0/0?pnsdk=PubNub-Python%2F3.7.5&uuid=9ccf6d34-2830-4b7b-864a-d0e6624e683d HTTP/1.1" 200 27
DEBUG:requests.packages.urllib3.util.retry:Incremented Retry for (url='/subscribe/sub-c-d4dd77a4-1e13-11e5-9dcf-0619f8945a4f/parkingapp-req%2Cparkingdevice-resp%2Cparkingrfid-resp/0/14579402804950064?pnsdk=PubNub-Python%2F3.7.5&uuid=9ccf6d34-2830-4b7b-864a-d0e6624e683d'): Retry(total=0, connect=None, read=None, redirect=None)
WARNING:requests.packages.urllib3.connectionpool:Retrying (Retry(total=0, connect=None, read=None, redirect=None)) after connection broken by 'ReadTimeoutError("HTTPConnectionPool(host='pubsub.pubnub.com', port=80): Read timed out. (read timeout=320)",)': /subscribe/sub-c-d4dd77a4-1e13-11e5-9dcf-0619f8945a4f/parkingapp-req%2Cparkingdevice-resp%2Cparkingrfid-resp/0/14579402804950064?pnsdk=PubNub-Python%2F3.7.5&uuid=9ccf6d34-2830-4b7b-864a-d0e6624e683d
INFO:requests.packages.urllib3.connectionpool:Starting new HTTP connection (12): pubsub.pubnub.com
INFO:requests.packages.urllib3.connectionpool:Starting new HTTP connection (13): pubsub.pubnub.com
DEBUG:requests.packages.urllib3.connectionpool:"GET /subscribe/sub-c-d4dd77a4-1e13-11e5-9dcf-0619f8945a4f/parkingapp-req%2Cparkingdevice-resp%2Cparkingrfid-resp/0/0?pnsdk=PubNub-Python%2F3.7.5&uuid=9ccf6d34-2830-4b7b-864a-d0e6624e683d HTTP/1.1" 200 27
DEBUG:requests.packages.urllib3.util.retry:Incremented Retry for (url='/subscribe/sub-c-d4dd77a4-1e13-11e5-9dcf-0619f8945a4f/parkingapp-req%2Cparkingdevice-resp%2Cparkingrfid-resp/0/14579402804950064?pnsdk=PubNub-Python%2F3.7.5&uuid=9ccf6d34-2830-4b7b-864a-d0e6624e683d'): Retry(total=0, connect=None, read=None, redirect=None)
WARNING:requests.packages.urllib3.connectionpool:Retrying (Retry(total=0, connect=None, read=None, redirect=None)) after connection broken by 'ReadTimeoutError("HTTPConnectionPool(host='pubsub.pubnub.com', port=80): Read timed out. (read timeout=320)",)': /subscribe/sub-c-d4dd77a4-1e13-11e5-9dcf-0619f8945a4f/parkingapp-req%2Cparkingdevice-resp%2Cparkingrfid-resp/0/14579402804950064?pnsdk=PubNub-Python%2F3.7.5&uuid=9ccf6d34-2830-4b7b-864a-d0e6624e683d
INFO:requests.packages.urllib3.connectionpool:Starting new HTTP connection (14): pubsub.pubnub.com
